Build started 9/3/2012 1:55:56 AM.
     1>Project "C:\Users\Sucalakafufu\Documents\Visual Studio 2010\Projects\bren\bren.vcxproj" on node 2 (build target(s)).
     1>C:\Program Files (x86)\MSBuild\Microsoft.Cpp\v4.0\Microsoft.CppBuild.targets(299,5): warning MSB8004: Output Directory does not end with a trailing slash.  This build instance will add the slash as it is required to allow proper evaluation of the Output Directory.
     1>InitializeBuildStatus:
         Touching "Debug\bren.unsuccessfulbuild".
       ClCompile:
         c:\Program Files (x86)\Microsoft Visual Studio 10.0\VC\bin\CL.exe /c /ZI /nologo /W3 /WX- /Od /Oy- /D _MBCS /Gm /EHsc /RTC1 /MDd /GS /fp:precise /Zc:wchar_t /Zc:forScope /Fo"Debug\\" /Fd"Debug\vc100.pdb" /Gd /TP /analyze- /errorReport:prompt bren.cpp
         bren.cpp
       Link:
         c:\Program Files (x86)\Microsoft Visual Studio 10.0\VC\bin\link.exe /ERRORREPORT:PROMPT /OUT:"C:\Users\Sucalakafufu\Documents\Visual Studio 2010\Projects\bren\\bren-1.0\bren.exe" /NOLOGO kernel32.lib user32.lib gdi32.lib winspool.lib comdlg32.lib advapi32.lib shell32.lib ole32.lib oleaut32.lib uuid.lib odbc32.lib odbccp32.lib /MANIFEST /ManifestFile:"Debug\bren.exe.intermediate.manifest" /MANIFESTUAC:"level='asInvoker' uiAccess='false'" /DEBUG /PDB:"C:\Users\Sucalakafufu\Documents\Visual Studio 2010\Projects\bren\bren-1.0\bren.pdb" /TLBID:1 /DYNAMICBASE /NXCOMPAT /IMPLIB:"C:\Users\Sucalakafufu\Documents\Visual Studio 2010\Projects\bren\\bren-1.0\bren.lib" /MACHINE:X86 Debug\bren.obj
         LINK : C:\Users\Sucalakafufu\Documents\Visual Studio 2010\Projects\bren\\bren-1.0\bren.exe not found or not built by the last incremental link; performing full link
         bren.vcxproj -> C:\Users\Sucalakafufu\Documents\Visual Studio 2010\Projects\bren\\bren-1.0\bren.exe
       Manifest:
         C:\Program Files (x86)\Microsoft SDKs\Windows\v7.0A\bin\mt.exe /nologo /verbose /outputresource:"C:\Users\Sucalakafufu\Documents\Visual Studio 2010\Projects\bren\\bren-1.0\bren.exe;#1" /manifest Debug\bren.exe.intermediate.manifest
       CopyFilesToOutputDirectory:
         Copying file from "Debug\bren.pdb" to "C:\Users\Sucalakafufu\Documents\Visual Studio 2010\Projects\bren\\bren-1.0\bren.pdb".
       FinalizeBuildStatus:
         Deleting file "Debug\bren.unsuccessfulbuild".
         Touching "Debug\bren.lastbuildstate".
     1>Done Building Project "C:\Users\Sucalakafufu\Documents\Visual Studio 2010\Projects\bren\bren.vcxproj" (build target(s)).

Build succeeded.

Time Elapsed 00:00:02.18
